#
# There is insufficient memory for the Java Runtime Environment to continue.
# Native memory allocation (malloc) failed to allocate 32744 bytes for ChunkPool::allocate
# Possible reasons:
#   The system is out of physical RAM or swap space
#   The process is running with CompressedOops enabled, and the Java Heap may be blocking the growth of the native heap
# Possible solutions:
#   Reduce memory load on the system
#   Increase physical memory or swap space
#   Check if swap backing store is full
#   Decrease Java heap size (-Xmx/-Xms)
#   Decrease number of Java threads
#   Decrease Java thread stack sizes (-Xss)
#   Set larger code cache with -XX:ReservedCodeCacheSize=
#   JVM is running with Unscaled Compressed Oops mode in which the Java heap is
#     placed in the first 4GB address space. The Java Heap base address is the
#     maximum limit for the native heap growth. Please use -XX:HeapBaseMinAddress
#     to set the Java Heap base and to place the Java Heap above 4GB virtual address.
# This output file may be truncated or incomplete.
#
#  Out of Memory Error (allocation.cpp:272), pid=11256, tid=0x0000000000006dbc
#
# JRE version: OpenJDK Runtime Environment (8.0-b10) (build 1.8.0-292-b10)
# Java VM: OpenJDK 64-Bit Server VM (25.71-b10 mixed mode windows-amd64 compressed oops)
# Failed to write core dump. Minidumps are not enabled by default on client versions of Windows
#

---------------  T H R E A D  ---------------

Current thread (0x000000001936b000):  JavaThread "C1 CompilerThread3" daemon [_thread_in_native, id=28092, stack(0x0000000019f20000,0x000000001a020000)]

Stack: [0x0000000019f20000,0x000000001a020000]
[error occurred during error reporting (printing stack bounds), id 0xc0000005]

Native frames: (J=compiled Java code, j=interpreted, Vv=VM code, C=native code)


Current CompileTask:
C1:   1119 1429       1       org.springframework.asm.ClassReader::readCode (5085 bytes)


---------------  P R O C E S S  ---------------

Java Threads: ( => current thread )
  0x000000001a7fd800 JavaThread "background-preinit" [_thread_in_vm, id=28328, stack(0x000000001b3a0000,0x000000001b4a0000)]
  0x000000001a5cb800 JavaThread "RMI TCP Accept-0" daemon [_thread_in_native, id=27388, stack(0x000000001ae60000,0x000000001af60000)]
  0x000000001a5ca800 JavaThread "RMI TCP Accept-54280" daemon [_thread_in_native, id=26080, stack(0x000000001ad60000,0x000000001ae60000)]
  0x000000001a5bd800 JavaThread "RMI TCP Accept-0" daemon [_thread_in_native, id=6492, stack(0x000000001ac60000,0x000000001ad60000)]
  0x00000000193f9000 JavaThread "Service Thread" daemon [_thread_blocked, id=8156, stack(0x000000001a020000,0x000000001a120000)]
=>0x000000001936b000 JavaThread "C1 CompilerThread3" daemon [_thread_in_native, id=28092, stack(0x0000000019f20000,0x000000001a020000)]
  0x0000000019366000 JavaThread "C2 CompilerThread2" daemon [_thread_blocked, id=28276, stack(0x0000000019e20000,0x0000000019f20000)]
  0x000000001754c800 JavaThread "C2 CompilerThread1" daemon [_thread_blocked, id=28908, stack(0x0000000019d20000,0x0000000019e20000)]
  0x0000000019360800 JavaThread "C2 CompilerThread0" daemon [_thread_blocked, id=27828, stack(0x0000000019c20000,0x0000000019d20000)]
  0x0000000019358800 JavaThread "Attach Listener" daemon [_thread_blocked, id=4496, stack(0x0000000019b20000,0x0000000019c20000)]
  0x0000000019357000 JavaThread "Signal Dispatcher" daemon [_thread_blocked, id=27464, stack(0x0000000019a20000,0x0000000019b20000)]
  0x0000000019340800 JavaThread "Finalizer" daemon [_thread_blocked, id=4332, stack(0x0000000019820000,0x0000000019920000)]
  0x000000001753c000 JavaThread "Reference Handler" daemon [_thread_blocked, id=9268, stack(0x0000000019720000,0x0000000019820000)]
  0x00000000025f6000 JavaThread "main" [_thread_in_native, id=29340, stack(0x0000000002460000,0x0000000002560000)]

Other Threads:
  0x0000000017536000 VMThread [stack: 0x0000000019220000,0x0000000019320000] [id=27972]
  0x000000001a5cc800 WatcherThread [stack: 0x000000001af60000,0x000000001b060000] [id=316]

VM state:not at safepoint (normal execution)

VM Mutex/Monitor currently owned by a thread: None

heap address: 0x0000000083c00000, size: 1988 MB, Compressed Oops mode: 32-bit
Narrow klass base: 0x0000000000000000, Narrow klass shift: 3
Compressed class space size: 1073741824 Address: 0x0000000100000000

Heap:
 PSYoungGen      total 37888K, used 766K [0x00000000d6980000, 0x00000000d9380000, 0x0000000100000000)
  eden space 32768K, 2% used [0x00000000d6980000,0x00000000d6a3fa78,0x00000000d8980000)
  from space 5120K, 0% used [0x00000000d8980000,0x00000000d8980000,0x00000000d8e80000)
  to   space 5120K, 0% used [0x00000000d8e80000,0x00000000d8e80000,0x00000000d9380000)
 ParOldGen       total 63488K, used 5911K [0x0000000083c00000, 0x0000000087a00000, 0x00000000d6980000)
  object space 63488K, 9% used [0x0000000083c00000,0x00000000841c5fd8,0x0000000087a00000)
 Metaspace       used 22010K, capacity 22568K, committed 22912K, reserved 1075200K
  class space    used 2959K, capacity 3117K, committed 3200K, reserved 1048576K

Card table byte_map: [0x0000000011ab0000,0x0000000011ea0000] byte_map_base: 0x0000000011692000

Marking Bits: (ParMarkBitMap*) 0x000000006c580420
 Begin Bits: [0x0000000012940000, 0x0000000014850000)
 End Bits:   [0x0000000014850000, 0x0000000016760000)

Polling page: 0x0000000002560000

CodeCache: size=245760Kb used=3160Kb max_used=3160Kb free=242599Kb
 bounds [0x00000000026f0000, 0x0000000002a10000, 0x00000000116f0000]
 total_blobs=1821 nmethods=1428 adapters=305
 compilation: enabled

Compilation events (10 events):
Event: 0.908 Thread 0x000000001936b000 nmethod 1423 0x0000000002a04210 code [0x0000000002a04360, 0x0000000002a04488]
Event: 0.908 Thread 0x000000001936b000 1424       1       java.util.LinkedHashMap$LinkedEntrySet::iterator (12 bytes)
Event: 0.908 Thread 0x000000001936b000 nmethod 1424 0x0000000002a04510 code [0x0000000002a04660, 0x0000000002a04810]
Event: 0.908 Thread 0x000000001936b000 1425       1       java.util.LinkedHashMap$LinkedEntryIterator::<init> (11 bytes)
Event: 0.908 Thread 0x000000001936b000 nmethod 1425 0x0000000002a048d0 code [0x0000000002a04a20, 0x0000000002a04b90]
Event: 0.908 Thread 0x000000001936b000 1426       1       org.springframework.util.StringUtils::toStringArray (25 bytes)
Event: 0.909 Thread 0x000000001936b000 nmethod 1426 0x0000000002a04c10 code [0x0000000002a04d80, 0x0000000002a04fe8]
Event: 0.909 Thread 0x000000001936b000 1427       1       java.util.LinkedHashMap::<init> (11 bytes)
Event: 0.909 Thread 0x000000001936b000 nmethod 1427 0x0000000002a050d0 code [0x0000000002a05260, 0x0000000002a053a8]
Event: 0.909 Thread 0x000000001936b000 1429       1       org.springframework.asm.ClassReader::readCode (5085 bytes)

GC Heap History (6 events):
Event: 0.611 GC heap before
{Heap before GC invocations=1 (full 0):
 PSYoungGen      total 37888K, used 24268K [0x00000000d6980000, 0x00000000d9380000, 0x0000000100000000)
  eden space 32768K, 74% used [0x00000000d6980000,0x00000000d81331a0,0x00000000d8980000)
  from space 5120K, 0% used [0x00000000d8e80000,0x00000000d8e80000,0x00000000d9380000)
  to   space 5120K, 0% used [0x00000000d8980000,0x00000000d8980000,0x00000000d8e80000)
 ParOldGen       total 86016K, used 0K [0x0000000083c00000, 0x0000000089000000, 0x00000000d6980000)
  object space 86016K, 0% used [0x0000000083c00000,0x0000000083c00000,0x0000000089000000)
 Metaspace       used 10751K, capacity 10978K, committed 11136K, reserved 1058816K
  class space    used 1338K, capacity 1401K, committed 1408K, reserved 1048576K
Event: 0.614 GC heap after
Heap after GC invocations=1 (full 0):
 PSYoungGen      total 37888K, used 4383K [0x00000000d6980000, 0x00000000d9380000, 0x0000000100000000)
  eden space 32768K, 0% used [0x00000000d6980000,0x00000000d6980000,0x00000000d8980000)
  from space 5120K, 85% used [0x00000000d8980000,0x00000000d8dc7d18,0x00000000d8e80000)
  to   space 5120K, 0% used [0x00000000d8e80000,0x00000000d8e80000,0x00000000d9380000)
 ParOldGen       total 86016K, used 16K [0x0000000083c00000, 0x0000000089000000, 0x00000000d6980000)
  object space 86016K, 0% used [0x0000000083c00000,0x0000000083c04000,0x0000000089000000)
 Metaspace       used 10751K, capacity 10978K, committed 11136K, reserved 1058816K
  class space    used 1338K, capacity 1401K, committed 1408K, reserved 1048576K
}
Event: 0.614 GC heap before
{Heap before GC invocations=2 (full 1):
 PSYoungGen      total 37888K, used 4383K [0x00000000d6980000, 0x00000000d9380000, 0x0000000100000000)
  eden space 32768K, 0% used [0x00000000d6980000,0x00000000d6980000,0x00000000d8980000)
  from space 5120K, 85% used [0x00000000d8980000,0x00000000d8dc7d18,0x00000000d8e80000)
  to   space 5120K, 0% used [0x00000000d8e80000,0x00000000d8e80000,0x00000000d9380000)
 ParOldGen       total 86016K, used 16K [0x0000000083c00000, 0x0000000089000000, 0x00000000d6980000)
  object space 86016K, 0% used [0x0000000083c00000,0x0000000083c04000,0x0000000089000000)
 Metaspace       used 10751K, capacity 10978K, committed 11136K, reserved 1058816K
  class space    used 1338K, capacity 1401K, committed 1408K, reserved 1048576K
Event: 0.625 GC heap after
Heap after GC invocations=2 (full 1):
 PSYoungGen      total 37888K, used 0K [0x00000000d6980000, 0x00000000d9380000, 0x0000000100000000)
  eden space 32768K, 0% used [0x00000000d6980000,0x00000000d6980000,0x00000000d8980000)
  from space 5120K, 0% used [0x00000000d8980000,0x00000000d8980000,0x00000000d8e80000)
  to   space 5120K, 0% used [0x00000000d8e80000,0x00000000d8e80000,0x00000000d9380000)
 ParOldGen       total 63488K, used 4159K [0x0000000083c00000, 0x0000000087a00000, 0x00000000d6980000)
  object space 63488K, 6% used [0x0000000083c00000,0x000000008400fc10,0x0000000087a00000)
 Metaspace       used 10749K, capacity 10972K, committed 11136K, reserved 1058816K
  class space    used 1337K, capacity 1400K, committed 1408K, reserved 1048576K
}
Event: 0.795 GC heap before
{Heap before GC invocations=3 (full 1):
 PSYoungGen      total 37888K, used 32768K [0x00000000d6980000, 0x00000000d9380000, 0x0000000100000000)
  eden space 32768K, 100% used [0x00000000d6980000,0x00000000d8980000,0x00000000d8980000)
  from space 5120K, 0% used [0x00000000d8980000,0x00000000d8980000,0x00000000d8e80000)
  to   space 5120K, 0% used [0x00000000d8e80000,0x00000000d8e80000,0x00000000d9380000)
 ParOldGen       total 63488K, used 4159K [0x0000000083c00000, 0x0000000087a00000, 0x00000000d6980000)
  object space 63488K, 6% used [0x0000000083c00000,0x000000008400fc10,0x0000000087a00000)
 Metaspace       used 15534K, capacity 15994K, committed 16128K, reserved 1062912K
  class space    used 2079K, capacity 2204K, committed 2304K, reserved 1048576K
Event: 0.799 GC heap after
Heap after GC invocations=3 (full 1):
 PSYoungGen      total 37888K, used 4594K [0x00000000d6980000, 0x00000000d9380000, 0x0000000100000000)
  eden space 32768K, 0% used [0x00000000d6980000,0x00000000d6980000,0x00000000d8980000)
  from space 5120K, 89% used [0x00000000d8e80000,0x00000000d92fc968,0x00000000d9380000)
  to   space 5120K, 0% used [0x00000000d8980000,0x00000000d8980000,0x00000000d8e80000)
 ParOldGen       total 63488K, used 4167K [0x0000000083c00000, 0x0000000087a00000, 0x00000000d6980000)
  object space 63488K, 6% used [0x0000000083c00000,0x0000000084011c10,0x0000000087a00000)
 Metaspace       used 15534K, capacity 15994K, committed 16128K, reserved 1062912K
  class space    used 2079K, capacity 2204K, committed 2304K, reserved 1048576K
}

Deoptimization events (0 events):
No events

Classes redefined (0 events):
No events

Internal exceptions (10 events):
Event: 0.854 Thread 0x00000000025f6000 Exception <a 'java/lang/ClassNotFoundException': org/springframework/core/OrderedCustomizer> (0x00000000d7787250) thrown at [c:/openjdk/jdk8u/jdk8u/hotspot\src\share\vm\classfile\systemDictionary.cpp, line 217]
Event: 0.854 Thread 0x00000000025f6000 Exception <a 'java/lang/ClassNotFoundException': org/springframework/context/ResourceLoaderAwareCustomizer> (0x00000000d7794240) thrown at [c:/openjdk/jdk8u/jdk8u/hotspot\src\share\vm\classfile\systemDictionary.cpp, line 217]
Event: 0.854 Thread 0x00000000025f6000 Exception <a 'java/lang/ClassNotFoundException': org/springframework/beans/factory/AwareCustomizer> (0x00000000d77a0510) thrown at [c:/openjdk/jdk8u/jdk8u/hotspot\src\share\vm\classfile\systemDictionary.cpp, line 217]
Event: 0.854 Thread 0x00000000025f6000 Exception <a 'java/lang/ClassNotFoundException': org/springframework/beans/factory/BeanClassLoaderAwareCustomizer> (0x00000000d77fe830) thrown at [c:/openjdk/jdk8u/jdk8u/hotspot\src\share\vm\classfile\systemDictionary.cpp, line 217]
Event: 0.855 Thread 0x00000000025f6000 Exception <a 'java/lang/ClassNotFoundException': org/springframework/beans/factory/AwareCustomizer> (0x00000000d780ab18) thrown at [c:/openjdk/jdk8u/jdk8u/hotspot\src\share\vm\classfile\systemDictionary.cpp, line 217]
Event: 0.855 Thread 0x00000000025f6000 Exception <a 'java/lang/ClassNotFoundException': org/springframework/context/EnvironmentAwareCustomizer> (0x00000000d7816798) thrown at [c:/openjdk/jdk8u/jdk8u/hotspot\src\share\vm\classfile\systemDictionary.cpp, line 217]
Event: 0.855 Thread 0x00000000025f6000 Exception <a 'java/lang/ClassNotFoundException': org/springframework/beans/factory/AwareCustomizer> (0x00000000d7822960) thrown at [c:/openjdk/jdk8u/jdk8u/hotspot\src\share\vm\classfile\systemDictionary.cpp, line 217]
Event: 0.857 Thread 0x000000001a7fd800 Exception <a 'java/lang/ArrayIndexOutOfBoundsException'> (0x00000000d78c3250) thrown at [c:/openjdk/jdk8u/jdk8u/hotspot\src\share\vm\runtime\sharedRuntime.cpp, line 609]
Event: 0.857 Thread 0x000000001a7fd800 Exception <a 'java/lang/ArrayIndexOutOfBoundsException'> (0x00000000d78c3dd8) thrown at [c:/openjdk/jdk8u/jdk8u/hotspot\src\share\vm\runtime\sharedRuntime.cpp, line 609]
Event: 0.871 Thread 0x00000000025f6000 Exception <a 'java/lang/NoSuchMethodError': java.lang.Object.lambda$comparing$77a9974f$1(Ljava/util/function/Function;Ljava/lang/Object;Ljava/lang/Object;)I> (0x00000000d7b74990) thrown at [c:/openjdk/jdk8u/jdk8u/hotspot\src\share\vm\interpreter\linkResol

Events (10 events):
Event: 0.916 loading class com/fasterxml/jackson/databind/introspect/VirtualAnnotatedMember
Event: 0.916 loading class com/fasterxml/jackson/databind/introspect/VirtualAnnotatedMember done
Event: 0.916 loading class com/fasterxml/jackson/databind/introspect/BeanPropertyDefinition
Event: 0.916 loading class com/fasterxml/jackson/databind/introspect/BeanPropertyDefinition done
Event: 0.916 loading class com/fasterxml/jackson/databind/util/Named
Event: 0.916 loading class com/fasterxml/jackson/databind/util/Named done
Event: 0.916 loading class com/fasterxml/jackson/databind/util/SimpleBeanPropertyDefinition
Event: 0.916 loading class com/fasterxml/jackson/databind/util/SimpleBeanPropertyDefinition done
Event: 0.917 loading class com/fasterxml/jackson/databind/ser/BeanPropertyWriter
Event: 0.917 loading class com/fasterxml/jackson/databind/ser/BeanPropertyWriter done


Dynamic libraries:
0x00007ff7a8550000 - 0x00007ff7a8585000 	C:\Program Files\OpenJDK\jdk-8.0.292.10-hotspot\bin\javaw.exe
0x00007ffcafb90000 - 0x00007ffcafd85000 	C:\windows\SYSTEM32\ntdll.dll
0x00007ffcaf250000 - 0x00007ffcaf30e000 	C:\windows\System32\KERNEL32.DLL
0x00007ffcad690000 - 0x00007ffcad958000 	C:\windows\System32\KERNELBASE.dll
0x00007ffcafaa0000 - 0x00007ffcafb4e000 	C:\windows\System32\ADVAPI32.dll
0x00007ffcae860000 - 0x00007ffcae8fe000 	C:\windows\System32\msvcrt.dll
0x00007ffcaf040000 - 0x00007ffcaf0dc000 	C:\windows\System32\sechost.dll
0x00007ffcaf6c0000 - 0x00007ffcaf7e5000 	C:\windows\System32\RPCRT4.dll
0x00007ffcaee90000 - 0x00007ffcaf031000 	C:\windows\System32\USER32.dll
0x00007ffcadba0000 - 0x00007ffcadbc2000 	C:\windows\System32\win32u.dll
0x00007ffcae900000 - 0x00007ffcae92b000 	C:\windows\System32\GDI32.dll
0x00007ffcad960000 - 0x00007ffcada6d000 	C:\windows\System32\gdi32full.dll
0x00007ffcadb00000 - 0x00007ffcadb9d000 	C:\windows\System32\msvcp_win.dll
0x00007ffcad400000 - 0x00007ffcad500000 	C:\windows\System32\ucrtbase.dll
0x00007ffc9f450000 - 0x00007ffc9f6ea000 	C:\windows\WinSxS\amd64_microsoft.windows.common-controls_6595b64144ccf1df_6.0.19041.1110_none_60b5254171f9507e\COMCTL32.dll
0x00007ffcaf860000 - 0x00007ffcaf890000 	C:\windows\System32\IMM32.DLL
0x000000006de50000 - 0x000000006df21000 	C:\Program Files\OpenJDK\jdk-8.0.292.10-hotspot\jre\bin\msvcr100.dll
0x000000006bd70000 - 0x000000006c602000 	C:\Program Files\OpenJDK\jdk-8.0.292.10-hotspot\jre\bin\server\jvm.dll
0x00007ffcaf0e0000 - 0x00007ffcaf0e8000 	C:\windows\System32\PSAPI.DLL
0x00007ffc89f70000 - 0x00007ffc89f79000 	C:\windows\SYSTEM32\WSOCK32.dll
0x00007ffc8f430000 - 0x00007ffc8f457000 	C:\windows\SYSTEM32\WINMM.dll
0x00007ffcaf7f0000 - 0x00007ffcaf85b000 	C:\windows\System32\WS2_32.dll
0x00007ffca1a30000 - 0x00007ffca1a3a000 	C:\windows\SYSTEM32\VERSION.dll
0x00007ffca4e00000 - 0x00007ffca4e0f000 	C:\Program Files\OpenJDK\jdk-8.0.292.10-hotspot\jre\bin\verify.dll
0x00007ffc816c0000 - 0x00007ffc816e9000 	C:\Program Files\OpenJDK\jdk-8.0.292.10-hotspot\jre\bin\java.dll
0x00007ffca4d10000 - 0x00007ffca4d26000 	C:\Program Files\OpenJDK\jdk-8.0.292.10-hotspot\jre\bin\zip.dll
0x00007ffcadc40000 - 0x00007ffcae384000 	C:\windows\System32\SHELL32.dll
0x00007ffcab370000 - 0x00007ffcabb05000 	C:\windows\SYSTEM32\windows.storage.dll
0x00007ffcae390000 - 0x00007ffcae6e5000 	C:\windows\System32\combase.dll
0x00007ffcaccf0000 - 0x00007ffcacd1e000 	C:\windows\SYSTEM32\Wldp.dll
0x00007ffcaf1a0000 - 0x00007ffcaf24d000 	C:\windows\System32\SHCORE.dll
0x00007ffcadbd0000 - 0x00007ffcadc25000 	C:\windows\System32\shlwapi.dll
0x00007ffcad1e0000 - 0x00007ffcad1ff000 	C:\windows\SYSTEM32\profapi.dll
0x00007ffca2d70000 - 0x00007ffca2d7d000 	C:\Program Files\OpenJDK\jdk-8.0.292.10-hotspot\jre\bin\management.dll
0x00007ffc878b0000 - 0x00007ffc878cb000 	C:\Program Files\OpenJDK\jdk-8.0.292.10-hotspot\jre\bin\net.dll
0x00007ffcaca50000 - 0x00007ffcacaba000 	C:\windows\system32\mswsock.dll
0x00007ffc81830000 - 0x00007ffc81841000 	C:\Program Files\OpenJDK\jdk-8.0.292.10-hotspot\jre\bin\nio.dll
0x00007ffc5b3c0000 - 0x00007ffc5b3d7000 	C:\windows\system32\napinsp.dll
0x00007ffc5b370000 - 0x00007ffc5b38b000 	C:\windows\system32\pnrpnsp.dll
0x00007ffca4640000 - 0x00007ffca4655000 	C:\windows\system32\wshbth.dll
0x00007ffca4ad0000 - 0x00007ffca4aed000 	C:\windows\system32\NLAapi.dll
0x00007ffcac6f0000 - 0x00007ffcac72b000 	C:\windows\SYSTEM32\IPHLPAPI.DLL
0x00007ffcac780000 - 0x00007ffcac84b000 	C:\windows\SYSTEM32\DNSAPI.dll
0x00007ffcae6f0000 - 0x00007ffcae6f8000 	C:\windows\System32\NSI.dll
0x00007ffc5b350000 - 0x00007ffc5b362000 	C:\windows\System32\winrnr.dll
0x00007ffca1bc0000 - 0x00007ffca1bca000 	C:\Windows\System32\rasadhlp.dll
0x00007ffca1990000 - 0x00007ffca1a0f000 	C:\windows\System32\fwpuclnt.dll
0x00007ffcad560000 - 0x00007ffcad587000 	C:\windows\System32\bcrypt.dll
0x00007ffcacc40000 - 0x00007ffcacc58000 	C:\windows\SYSTEM32\CRYPTSP.dll
0x00007ffcac360000 - 0x00007ffcac394000 	C:\windows\system32\rsaenh.dll
0x00007ffcad1a0000 - 0x00007ffcad1ce000 	C:\windows\SYSTEM32\USERENV.dll
0x00007ffcada70000 - 0x00007ffcadaf2000 	C:\windows\System32\bcryptprimitives.dll
0x00007ffcacc60000 - 0x00007ffcacc6c000 	C:\windows\SYSTEM32\CRYPTBASE.dll
0x00007ffca1fa0000 - 0x00007ffca1fb7000 	C:\windows\SYSTEM32\dhcpcsvc6.DLL
0x00007ffca1f80000 - 0x00007ffca1f9d000 	C:\windows\SYSTEM32\dhcpcsvc.DLL

VM Arguments:
jvm_args: -Dcom.sun.management.jmxremote -Dcom.sun.management.jmxremote.port=54280 -Dcom.sun.management.jmxremote.authenticate=false -Dcom.sun.management.jmxremote.ssl=false -Djava.rmi.server.hostname=localhost -Dspring.jmx.enabled=true -Dspring.liveBeansView.mbeanDomain -Dspring.application.admin.enabled=true -XX:TieredStopAtLevel=1 -Dspring.boot.project.name=Rak-court -Dfile.encoding=Cp1252 
java_command: com.adapt.rak.main.RakCourtApplication
java_class_path (initial): D:\jasmin-workspace\Rak-court\bin\main;C:\Users\jasmi\.gradle\caches\modules-2\files-2.1\org.springframework.boot\spring-boot-starter-web\2.1.9.RELEASE\2063870234eebbda3c09dddf9853477fe9e4a719\spring-boot-starter-web-2.1.9.RELEASE.jar;C:\Users\jasmi\.gradle\caches\modules-2\files-2.1\com.google.code.gson\gson\2.8.9\8a432c1d6825781e21a02db2e2c33c5fde2833b9\gson-2.8.9.jar;C:\Users\jasmi\.gradle\caches\modules-2\files-2.1\commons-codec\commons-codec\1.15\49d94806b6e3dc933dacbd8acb0fdbab8ebd1e5d\commons-codec-1.15.jar;C:\Users\jasmi\.gradle\caches\modules-2\files-2.1\org.springframework.boot\spring-boot-starter-tomcat\2.1.9.RELEASE\99bef08a0b7fd10ff9827f0f8e6f49b97cbabf7f\spring-boot-starter-tomcat-2.1.9.RELEASE.jar;C:\Users\jasmi\.gradle\caches\modules-2\files-2.1\org.springframework.boot\spring-boot-starter-json\2.1.9.RELEASE\53bdf52bc28b7e753874e0136fb33c9eab184276\spring-boot-starter-json-2.1.9.RELEASE.jar;C:\Users\jasmi\.gradle\caches\modules-2\files-2.1\org.springframework.boot\spring-boot-starter\2.1.9.RELEASE\45d7afa2d9aab4b2984f2c330f507797fbcf501f\spring-boot-starter-2.1.9.RELEASE.jar;C:\Users\jasmi\.gradle\caches\modules-2\files-2.1\org.hibernate.validator\hibernate-validator\6.0.17.Final\af73055fc4a103ab347c56e7da5a143d68a0170\hibernate-validator-6.0.17.Final.jar;C:\Users\jasmi\.gradle\caches\modules-2\files-2.1\org.springframework\spring-webmvc\5.1.10.RELEASE\67b6da7852e89bc0df6ce36a263ac4377fe48e27\spring-webmvc-5.1.10.RELEASE.jar;C:\Users\jasmi\.gradle\caches\modules-2\files-2.1\org.springframework\spring-web\5.1.10.RELEASE\f769e9287286f80f6b1d943cc27194ec33d2041c\spring-web-5.1.10.RELEASE.jar;C:\Users\jasmi\.gradle\caches\modules-2\files-2.1\javax.annotation\javax.annotation-api\1.3.2\934c04d3cfef185a8008e7bf34331b79730a9d43\javax.annotation-api-1.3.2.jar;C:\Users\jasmi\.gradle\caches\modules-2\files-2.1\org.apache.tomcat.embed\tomcat-embed-websocket\9.0.26\8991b1bd82c5745e95a9161472a92dc1e5c7148e\tomcat-embed-websocket-9.0.2
Launcher Type: SUN_STANDARD

Environment Variables:
JAVA_HOME=C:\Program Files\OpenJDK\jdk-8.0.292.10-hotspot\
PATH=C:/Program Files/OpenJDK/jdk-8.0.292.10-hotspot/bin/../jre/bin/server;C:/Program Files/OpenJDK/jdk-8.0.292.10-hotspot/bin/../jre/bin;C:/Program Files/OpenJDK/jdk-8.0.292.10-hotspot/bin/../jre/lib/amd64;C:\Program Files\OpenJDK\jdk-8.0.292.10-hotspot\bin;C:\Program Files\Java\jdk1.8.0_311\bin\;C:\Program Files\Microsoft MPI\Bin\;C:\windows\system32;C:\windows;C:\windows\System32\Wbem;C:\windows\System32\WindowsPowerShell\v1.0\;C:\windows\System32\OpenSSH\;C:\Program Files (x86)\NVIDIA Corporation\PhysX\Common;C:\Program Files\NVIDIA Corporation\NVIDIA NvDLISR;C:\Program Files\Git\cmd;C:\Program Files\nodejs\;C:\Program Files\Microsoft SQL Server\Client SDK\ODBC\110\Tools\Binn\;C:\Program Files (x86)\Microsoft SQL Server\120\Tools\Binn\;C:\Program Files\Microsoft SQL Server\120\Tools\Binn\;C:\Program Files\Microsoft SQL Server\120\DTS\Binn\;C:\Program Files (x86)\Microsoft SQL Server\120\Tools\Binn\ManagementStudio\;C:\Program Files (x86)\Microsoft SQL Server\120\DTS\Binn\;C:\Program Files\Java\jdk1.8.0_311\bin;C:\Users\jasmi\AppData\Local\Microsoft\WindowsApps;;C:\Users\jasmi\AppData\Local\Programs\Microsoft VS Code\bin;C:\Users\jasmi\AppData\Roaming\npm;D:\Downloadfolder-Copy\20211125\eclipse;
USERNAME=jasmi
OS=Windows_NT
PROCESSOR_IDENTIFIER=Intel64 Family 6 Model 140 Stepping 1, GenuineIntel



---------------  S Y S T E M  ---------------

OS: Windows 10.0 , 64 bit Build 19041 (10.0.19041.1466)

CPU:total 8 (initial active 8) (4 cores per cpu, 2 threads per core) family 6 model 140 stepping 1, cmov, cx8, fxsr, mmx, sse, sse2, sse3, ssse3, sse4.1, sse4.2, popcnt, avx, avx2, aes, clmul, erms, 3dnowpref, lzcnt, ht, tsc, tscinvbit, bmi1, bmi2, adx

Memory: 4k page, physical 8139384k(372896k free), swap 23663732k(352k free)

vm_info: OpenJDK 64-Bit Server VM (25.71-b10) for windows-amd64 JRE (1.8.0-292-b10), built on Apr 21 2021 17:47:18 by "Administrator" with MS VC++ 10.0 (VS2010)

time: Fri Jan 14 18:34:34 2022
timezone: Arabian Standard Time
elapsed time: 1.326409 seconds (0d 0h 0m 1s)

